<?xml version="1.0" encoding="UTF-8"?>
<!-- Generated by org.testng.reporters.JUnitReportReporter -->
<testsuite skipped="0" hostname="5CG94406YL" name="TestNGannotations.Test1" tests="4" failures="0" timestamp="1 Aug 2021 18:07:49 GMT" time="10.444" errors="0">
  <testcase name="ainitialize" time="3.698" classname="TestNGannotations.Test1"/>
  <testcase name="cverification" time="0.021" classname="TestNGannotations.Test1"/>
  <testcase name="bURL" time="3.512" classname="TestNGannotations.Test1"/>
  <testcase name="dasserttest" time="3.213" classname="TestNGannotations.Test1"/>
</testsuite> <!-- TestNGannotations.Test1 -->
