<?xml version="1.0" encoding="UTF-8"?>
<!-- Generated by org.testng.reporters.JUnitReportReporter -->
<testsuite skipped="1" hostname="5CG94406YL" name="TestNGannotations.Dataprovider" tests="1" failures="0" timestamp="2 Aug 2021 16:31:20 GMT" time="0.000" errors="0">
  <testcase name="swaglogin" time="0.000" classname="TestNGannotations.Dataprovider">
    <skipped/>
  </testcase> <!-- swaglogin -->
</testsuite> <!-- TestNGannotations.Dataprovider -->
