<?xml version="1.0" encoding="UTF-8"?>
<!-- Generated by org.testng.reporters.JUnitReportReporter -->
<testsuite skipped="0" hostname="5CG94406YL" name="TestNGannotations.Test2_BC_AC" tests="3" failures="0" timestamp="1 Aug 2021 23:42:41 GMT" time="22.779" errors="0">
  <testcase name="swaglabtest" time="6.449" classname="TestNGannotations.Test2_BC_AC"/>
  <testcase name="yahoo" time="9.536" classname="TestNGannotations.Test2_BC_AC"/>
  <testcase name="google" time="6.794" classname="TestNGannotations.Test2_BC_AC"/>
</testsuite> <!-- TestNGannotations.Test2_BC_AC -->
