<?xml version="1.0" encoding="UTF-8"?>
<!-- Generated by org.testng.reporters.JUnitReportReporter -->
<testsuite skipped="0" hostname="5CG94406YL" name="testNGtesting.Test6_verification6" tests="1" failures="0" timestamp="25 Jul 2021 23:22:28 GMT" time="17.767" errors="0">
  <testcase name="verifySwaglogin" time="17.767" classname="testNGtesting.Test6_verification6"/>
</testsuite> <!-- testNGtesting.Test6_verification6 -->
