<?xml version="1.0" encoding="UTF-8"?>
<!-- Generated by org.testng.reporters.JUnitReportReporter -->
<testsuite skipped="0" hostname="5CG94406YL" name="testNGtesting.Test1_verification" tests="1" failures="0" timestamp="25 Jul 2021 22:45:34 GMT" time="8.587" errors="0">
  <testcase name="verifySwaglogin" time="8.587" classname="testNGtesting.Test1_verification"/>
</testsuite> <!-- testNGtesting.Test1_verification -->
