<?xml version="1.0" encoding="UTF-8"?>
<!-- Generated by org.testng.reporters.JUnitReportReporter -->
<testsuite skipped="0" hostname="5CG94406YL" name="testNGtesting.Test3_verification3" tests="1" failures="0" timestamp="25 Jul 2021 22:46:28 GMT" time="17.911" errors="0">
  <testcase name="verifySwaglogin" time="17.911" classname="testNGtesting.Test3_verification3"/>
</testsuite> <!-- testNGtesting.Test3_verification3 -->
