<?xml version="1.0" encoding="UTF-8"?>
<!-- Generated by org.testng.reporters.JUnitReportReporter -->
<testsuite skipped="0" hostname="5CG94406YL" name="TestNGannotations.TestNGNamealphabetic" tests="4" failures="0" timestamp="1 Aug 2021 18:11:54 GMT" time="9.895" errors="0">
  <testcase name="ainitialize" time="3.229" classname="TestNGannotations.TestNGNamealphabetic"/>
  <testcase name="bURL" time="3.410" classname="TestNGannotations.TestNGNamealphabetic"/>
  <testcase name="dasserttest" time="3.242" classname="TestNGannotations.TestNGNamealphabetic"/>
  <testcase name="cverification" time="0.014" classname="TestNGannotations.TestNGNamealphabetic"/>
</testsuite> <!-- TestNGannotations.TestNGNamealphabetic -->
