<?xml version="1.0" encoding="UTF-8"?>
<!-- Generated by org.testng.reporters.JUnitReportReporter -->
<testsuite skipped="0" hostname="5CG94406YL" name="package1.FF" tests="1" failures="0" timestamp="2 Aug 2021 17:56:32 GMT" time="10.420" errors="0">
  <testcase name="verifySwagloginFF" time="10.420" classname="package1.FF"/>
</testsuite> <!-- package1.FF -->
