<?xml version="1.0" encoding="UTF-8"?>
<!-- Generated by org.testng.reporters.JUnitReportReporter -->
<testsuite skipped="0" hostname="5CG94406YL" name="TestNGannotations.TestNGPriority" tests="4" failures="0" timestamp="2 Aug 2021 16:58:07 GMT" time="8.591" errors="0">
  <testcase name="cverification" time="0.007" classname="TestNGannotations.TestNGPriority"/>
  <testcase name="ainitialize" time="2.134" classname="TestNGannotations.TestNGPriority"/>
  <testcase name="dasserttest" time="3.120" classname="TestNGannotations.TestNGPriority"/>
  <testcase name="bURL" time="3.330" classname="TestNGannotations.TestNGPriority"/>
</testsuite> <!-- TestNGannotations.TestNGPriority -->
