<?xml version="1.0" encoding="UTF-8"?>
<!-- Generated by org.testng.reporters.JUnitReportReporter -->
<testsuite skipped="0" hostname="5CG94406YL" name="TestNGannotations.Test2_Multiplemethod" tests="1" failures="0" timestamp="26 Jul 2021 00:22:54 GMT" time="8.446" errors="0">
  <testcase name="swaglabtest" time="8.446" classname="TestNGannotations.Test2_Multiplemethod"/>
</testsuite> <!-- TestNGannotations.Test2_Multiplemethod -->
