<?xml version="1.0" encoding="UTF-8"?>
<!-- Generated by org.testng.reporters.JUnitReportReporter -->
<testsuite skipped="0" hostname="5CG94406YL" name="beforeaftrgroup.BFgrouping" tests="5" failures="0" timestamp="2 Aug 2021 19:29:05 GMT" time="0.010" errors="0">
  <testcase name="close" time="0.010" classname="beforeaftrgroup.BFgrouping"/>
  <testcase name="testupdate" time="0.000" classname="beforeaftrgroup.BFgrouping"/>
  <testcase name="testdel" time="0.000" classname="beforeaftrgroup.BFgrouping"/>
  <testcase name="testinsert" time="0.000" classname="beforeaftrgroup.BFgrouping"/>
  <testcase name="open" time="0.000" classname="beforeaftrgroup.BFgrouping"/>
</testsuite> <!-- beforeaftrgroup.BFgrouping -->
