<?xml version="1.0" encoding="UTF-8"?>
<!-- Generated by org.testng.reporters.JUnitReportReporter -->
<testsuite skipped="0" hostname="5CG94406YL" name="package1.Edgerun" tests="1" failures="0" timestamp="2 Aug 2021 17:56:32 GMT" time="7.646" errors="0">
  <testcase name="verifySwagloginEdge" time="7.646" classname="package1.Edgerun"/>
</testsuite> <!-- package1.Edgerun -->
