<?xml version="1.0" encoding="UTF-8"?>
<!-- Generated by org.testng.reporters.JUnitReportReporter -->
<testsuite skipped="0" hostname="5CG94406YL" name="AdvancedTestNG.TestDatabase" tests="3" failures="0" timestamp="2 Aug 2021 18:44:07 GMT" time="0.000" errors="0">
  <testcase name="testinsert" time="0.000" classname="AdvancedTestNG.TestDatabase"/>
  <testcase name="testupdate" time="0.000" classname="AdvancedTestNG.TestDatabase"/>
  <testcase name="testdel" time="0.000" classname="AdvancedTestNG.TestDatabase"/>
</testsuite> <!-- AdvancedTestNG.TestDatabase -->
